<?xml version="1.0" encoding="UTF-8"?>
<!-- Generated by org.testng.reporters.JUnitXMLReporter -->
<testsuite ignored="0" hostname="DESKTOP-HIJCQAO" failures="0" tests="2" name="Default test" time="9.487" errors="0" timestamp="2025-11-05T15:36:03 IST">
  <testcase classname="scripts.contactus_scripts.functional_scenarios.ET_2219_Reload_ContactUspage_click_Contact_Us_link" name="reloadContactpageClickContactLink" time="3.49"/>
  <testcase classname="scripts.contactus_scripts.functional_scenarios.ET_2219_Reload_ContactUspage_click_Contact_Us_link" name="reloadContactpageClickContactLink" time="2.13"/>
</testsuite> <!-- Default test -->
