<?xml version="1.0" encoding="UTF-8"?>
<!-- Generated by org.testng.reporters.JUnitXMLReporter -->
<testsuite ignored="0" hostname="DESKTOP-DJHI0F8" failures="0" tests="1" name="Default test" time="10.995" errors="0" timestamp="2025-12-20T22:29:19 IST">
  <testcase classname="scripts.shoppage_scripts.functional_scenarios.AS_9198_Verifying_Presence_UI_PropertiesoOfCategories_HeadingBelowClearFilterButton" name="testVerifyingPresenceUI_PropertiesoOfCategoriesHeadingBelowClearFilterButton" time="4.915"/>
</testsuite> <!-- Default test -->
