<?xml version="1.0" encoding="UTF-8"?>
<!-- Generated by org.testng.reporters.JUnitReportReporter -->
<testsuite hostname="DESKTOP-HIJCQAO" failures="0" tests="1" name="scripts.contactus_scripts.functional_scenarios.AS_4707_ToastMessageDisplayedInEmailField" time="6.448" errors="0" timestamp="2025-11-05T14:51:43 IST" skipped="0">
  <testcase classname="scripts.contactus_scripts.functional_scenarios.AS_4707_ToastMessageDisplayedInEmailField" name="toastMessageDisplayedInEmailField" time="6.448"/>
</testsuite> <!-- scripts.contactus_scripts.functional_scenarios.AS_4707_ToastMessageDisplayedInEmailField -->
