<?xml version="1.0" encoding="UTF-8"?>
<!-- Generated by org.testng.reporters.JUnitReportReporter -->
<testsuite hostname="DESKTOP-HIJCQAO" failures="0" tests="1" name="scripts.contactus_scripts.functional_scenarios.ET_6652_OpenContactUsUsingUrl" time="5.669" errors="0" timestamp="2025-11-04T13:16:58 IST" skipped="0">
  <testcase classname="scripts.contactus_scripts.functional_scenarios.ET_6652_OpenContactUsUsingUrl" name="openContactpageUsingUrl" time="5.669"/>
</testsuite> <!-- scripts.contactus_scripts.functional_scenarios.ET_6652_OpenContactUsUsingUrl -->
