<?xml version="1.0" encoding="UTF-8"?>
<!-- Generated by org.testng.reporters.JUnitReportReporter -->
<testsuite hostname="DESKTOP-HIJCQAO" failures="0" tests="1" name="scripts.contactus_scripts.functional_scenarios.AS_9081_Toast_Message_Displayed" time="14.315" errors="0" timestamp="2025-11-08T17:42:56 IST" skipped="0">
  <testcase classname="scripts.contactus_scripts.functional_scenarios.AS_9081_Toast_Message_Displayed" name="enterAllFieldstoastMessageDisplayed" time="14.315"/>
</testsuite> <!-- scripts.contactus_scripts.functional_scenarios.AS_9081_Toast_Message_Displayed -->
