<?xml version="1.0" encoding="UTF-8"?>
<!-- Generated by org.testng.reporters.JUnitReportReporter -->
<testsuite hostname="DESKTOP-DJHI0F8" failures="0" tests="1" name="scripts.contactus_scripts.functional_scenarios.AS_6652_OpenContactUsUsingUrl" time="7.176" errors="0" timestamp="2025-11-06T12:01:54 IST" skipped="0">
  <testcase classname="scripts.contactus_scripts.functional_scenarios.AS_6652_OpenContactUsUsingUrl" name="openContactpageUsingUrl" time="7.176"/>
</testsuite> <!-- scripts.contactus_scripts.functional_scenarios.AS_6652_OpenContactUsUsingUrl -->
