<?xml version="1.0" encoding="UTF-8"?>
<!-- Generated by org.testng.reporters.JUnitReportReporter -->
<testsuite hostname="DESKTOP-HIJCQAO" failures="0" tests="1" name="scripts.contactus_scripts.functional_scenarios.AddProductToCart" time="5.025" errors="0" timestamp="2025-11-07T16:39:42 IST" skipped="0">
  <testcase classname="scripts.contactus_scripts.functional_scenarios.AddProductToCart" name="openShoppageUsingUrl" time="5.025"/>
</testsuite> <!-- scripts.contactus_scripts.functional_scenarios.AddProductToCart -->
