<?xml version="1.0" encoding="UTF-8"?>
<!-- Generated by org.testng.reporters.JUnitReportReporter -->
<testsuite hostname="DESKTOP-DJHI0F8" failures="0" tests="2" name="scripts.contactus_scripts.functional_scenarios.AS_2219_Reload_ContactUspage_click_Contact_Us_link" time="15.363" errors="0" timestamp="2025-11-06T12:02:29 IST" skipped="0">
  <testcase classname="scripts.contactus_scripts.functional_scenarios.AS_2219_Reload_ContactUspage_click_Contact_Us_link" name="reloadContactpageClickContactLink" time="7.177"/>
  <testcase classname="scripts.contactus_scripts.functional_scenarios.AS_2219_Reload_ContactUspage_click_Contact_Us_link" name="reloadContactpageClickContactLink" time="8.186"/>
</testsuite> <!-- scripts.contactus_scripts.functional_scenarios.AS_2219_Reload_ContactUspage_click_Contact_Us_link -->
