<?xml version="1.0" encoding="UTF-8"?>
<!-- Generated by org.testng.reporters.JUnitReportReporter -->
<testsuite hostname="DESKTOP-DJHI0F8" failures="0" tests="1" name="scripts.shoppage_scripts.functional_scenarios.AS_9194_OpenShop_page_using_url" time="7.564" errors="0" timestamp="2025-11-05T12:50:06 IST" skipped="0">
  <testcase classname="scripts.shoppage_scripts.functional_scenarios.AS_9194_OpenShop_page_using_url" name="openShoppageUsingUrl" time="7.564"/>
</testsuite> <!-- scripts.shoppage_scripts.functional_scenarios.AS_9194_OpenShop_page_using_url -->
