<?xml version="1.0" encoding="UTF-8"?>
<!-- Generated by org.testng.reporters.JUnitReportReporter -->
<testsuite hostname="DESKTOP-HIJCQAO" failures="0" tests="1" name="scripts.contactus_scripts.functional_scenarios.AS_2907_EmptyFieldsToastMessageDisplayedInFirstNameField" time="8.669" errors="0" timestamp="2025-11-06T17:15:48 IST" skipped="0">
  <testcase classname="scripts.contactus_scripts.functional_scenarios.AS_2907_EmptyFieldsToastMessageDisplayedInFirstNameField" name="toastMessageDisplayedInFirstNameField" time="8.669"/>
</testsuite> <!-- scripts.contactus_scripts.functional_scenarios.AS_2907_EmptyFieldsToastMessageDisplayedInFirstNameField -->
