<?xml version="1.0" encoding="UTF-8"?>
<!-- Generated by org.testng.reporters.JUnitReportReporter -->
<testsuite hostname="DESKTOP-PBQHPU9" failures="0" tests="1" name="scripts.contactus_scripts.functional_scenarios.AddProductToCart" time="5.205" errors="0" timestamp="2025-11-12T15:12:14 IST" skipped="0">
  <testcase classname="scripts.contactus_scripts.functional_scenarios.AddProductToCart" name="openShoppageUsingUrl" time="5.205"/>
</testsuite> <!-- scripts.contactus_scripts.functional_scenarios.AddProductToCart -->
