<?xml version="1.0" encoding="UTF-8"?>
<!-- Generated by org.testng.reporters.JUnitReportReporter -->
<testsuite hostname="DESKTOP-7ODH2V3" failures="0" tests="1" name="scripts.shoppage_scripts.integration_scenarios.AS_5246_Add_product_to_cart_fromShop_page" time="16.422" errors="0" timestamp="2025-11-08T14:00:39 IST" skipped="0">
  <testcase classname="scripts.shoppage_scripts.integration_scenarios.AS_5246_Add_product_to_cart_fromShop_page" name="openShoppageUsingUrl" time="16.422"/>
</testsuite> <!-- scripts.shoppage_scripts.integration_scenarios.AS_5246_Add_product_to_cart_fromShop_page -->
