<?xml version="1.0" encoding="UTF-8"?>
<!-- Generated by org.testng.reporters.JUnitReportReporter -->
<testsuite hostname="DESKTOP-HIJCQAO" failures="0" tests="1" name="scripts.contactus_scripts.functional_scenarios.ET_2219_Reload_ContactUspage_click_Contact_Us_link" time="5.456" errors="0" timestamp="2025-11-05T13:22:54 IST" skipped="0">
  <testcase classname="scripts.contactus_scripts.functional_scenarios.ET_2219_Reload_ContactUspage_click_Contact_Us_link" name="reloadContactpageClickContactLink" time="5.456"/>
</testsuite> <!-- scripts.contactus_scripts.functional_scenarios.ET_2219_Reload_ContactUspage_click_Contact_Us_link -->
