<?xml version="1.0" encoding="UTF-8"?>
<!-- Generated by org.testng.reporters.JUnitReportReporter -->
<testsuite hostname="DESKTOP-DJHI0F8" failures="0" tests="1" name="scripts.shoppage_scripts.integration_scenarios.AS_5246_Add_product_to_cart_fromShop_page" time="20.412" errors="0" timestamp="2025-11-08T13:19:56 IST" skipped="0">
  <testcase classname="scripts.shoppage_scripts.integration_scenarios.AS_5246_Add_product_to_cart_fromShop_page" name="openShoppageUsingUrl" time="20.412"/>
</testsuite> <!-- scripts.shoppage_scripts.integration_scenarios.AS_5246_Add_product_to_cart_fromShop_page -->
