<?xml version="1.0" encoding="UTF-8"?>
<!-- Generated by org.testng.reporters.JUnitReportReporter -->
<testsuite hostname="DESKTOP-DJHI0F8" failures="0" tests="1" name="scripts.contactus_scripts.functional_scenarios.AS_4707_ToastMessageDisplayedInEmailField" time="16.661" errors="0" timestamp="2025-11-09T11:22:49 IST" skipped="0">
  <testcase classname="scripts.contactus_scripts.functional_scenarios.AS_4707_ToastMessageDisplayedInEmailField" name="enterFirstNameFieldToastMessageDisplayedInEmailField" time="16.661"/>
</testsuite> <!-- scripts.contactus_scripts.functional_scenarios.AS_4707_ToastMessageDisplayedInEmailField -->
