<?xml version="1.0" encoding="UTF-8"?>
<testng-results ignored="0" total="1" passed="1" failed="0" skipped="0">
  <reporter-output>
  </reporter-output>
  <suite started-at="2025-11-08T18:56:01 IST" name="Default suite" finished-at="2025-11-08T18:56:11 IST" duration-ms="9100">
    <groups>
    </groups>
    <test started-at="2025-11-08T18:56:01 IST" name="Default test" finished-at="2025-11-08T18:56:11 IST" duration-ms="9100">
      <class name="scripts.shoppage_scripts.integration_scenarios.AS_8281_EnterProductInSearchFieldNavigateToSearchProductPage">
        <test-method is-config="true" signature="openApplication()[pri:0, instance:scripts.shoppage_scripts.integration_scenarios.AS_8281_EnterProductInSearchFieldNavigateToSearchProductPage@8458f04]" started-at="2025-11-08T18:56:02 IST" name="openApplication" finished-at="2025-11-08T18:56:06 IST" duration-ms="4456" status="PASS">
          <reporter-output>
          </reporter-output>
        </test-method> <!-- openApplication -->
        <test-method signature="openShoppageUsingUrl()[pri:1, instance:scripts.shoppage_scripts.integration_scenarios.AS_8281_EnterProductInSearchFieldNavigateToSearchProductPage@8458f04]" started-at="2025-11-08T18:56:06 IST" name="openShoppageUsingUrl" finished-at="2025-11-08T18:56:10 IST" duration-ms="4196" status="PASS">
          <reporter-output>
          </reporter-output>
        </test-method> <!-- openShoppageUsingUrl -->
        <test-method is-config="true" signature="closeApplication()[pri:0, instance:scripts.shoppage_scripts.integration_scenarios.AS_8281_EnterProductInSearchFieldNavigateToSearchProductPage@8458f04]" started-at="2025-11-08T18:56:10 IST" name="closeApplication" finished-at="2025-11-08T18:56:11 IST" duration-ms="345" status="PASS">
          <reporter-output>
          </reporter-output>
        </test-method> <!-- closeApplication -->
      </class> <!-- scripts.shoppage_scripts.integration_scenarios.AS_8281_EnterProductInSearchFieldNavigateToSearchProductPage -->
    </test> <!-- Default test -->
  </suite> <!-- Default suite -->
</testng-results>
