<?xml version="1.0" encoding="UTF-8"?>
<testng-results ignored="0" total="1" passed="1" failed="0" skipped="0">
  <reporter-output>
  </reporter-output>
  <suite started-at="2025-11-04T16:23:07 IST" name="Default suite" finished-at="2025-11-04T16:23:25 IST" duration-ms="18033">
    <groups>
    </groups>
    <test started-at="2025-11-04T16:23:07 IST" name="Default test" finished-at="2025-11-04T16:23:25 IST" duration-ms="18033">
      <class name="scripts.contactus_scripts.functional_scenarios.ET_9081_Toast_Message_Displayed">
        <test-method is-config="true" signature="openApplication()[pri:0, instance:scripts.contactus_scripts.functional_scenarios.ET_9081_Toast_Message_Displayed@8519cb4]" started-at="2025-11-04T16:23:07 IST" name="openApplication" finished-at="2025-11-04T16:23:10 IST" duration-ms="3368" status="PASS">
          <reporter-output>
          </reporter-output>
        </test-method> <!-- openApplication -->
        <test-method signature="toastMessageDisplayed()[pri:1, instance:scripts.contactus_scripts.functional_scenarios.ET_9081_Toast_Message_Displayed@8519cb4]" started-at="2025-11-04T16:23:10 IST" name="toastMessageDisplayed" finished-at="2025-11-04T16:23:25 IST" duration-ms="14272" status="PASS">
          <reporter-output>
          </reporter-output>
        </test-method> <!-- toastMessageDisplayed -->
        <test-method is-config="true" signature="closeApplication()[pri:0, instance:scripts.contactus_scripts.functional_scenarios.ET_9081_Toast_Message_Displayed@8519cb4]" started-at="2025-11-04T16:23:25 IST" name="closeApplication" finished-at="2025-11-04T16:23:25 IST" duration-ms="305" status="PASS">
          <reporter-output>
          </reporter-output>
        </test-method> <!-- closeApplication -->
      </class> <!-- scripts.contactus_scripts.functional_scenarios.ET_9081_Toast_Message_Displayed -->
    </test> <!-- Default test -->
  </suite> <!-- Default suite -->
</testng-results>
