<?xml version="1.0" encoding="UTF-8"?>
<testng-results ignored="0" total="1" passed="1" failed="0" skipped="0">
  <reporter-output>
  </reporter-output>
  <suite started-at="2025-11-20T23:36:01 IST" name="Default suite" finished-at="2025-11-20T23:36:09 IST" duration-ms="8149">
    <groups>
    </groups>
    <test started-at="2025-11-20T23:36:01 IST" name="Default test" finished-at="2025-11-20T23:36:09 IST" duration-ms="8149">
      <class name="scripts.contactus_scripts.functional_scenarios.AddProductToCart">
        <test-method is-config="true" signature="openApplication()[pri:0, instance:scripts.contactus_scripts.functional_scenarios.AddProductToCart@48075da3]" started-at="2025-11-20T23:36:01 IST" name="openApplication" finished-at="2025-11-20T23:36:04 IST" duration-ms="2654" status="PASS">
          <reporter-output>
          </reporter-output>
        </test-method> <!-- openApplication -->
        <test-method signature="openShoppageUsingUrl()[pri:1, instance:scripts.contactus_scripts.functional_scenarios.AddProductToCart@48075da3]" started-at="2025-11-20T23:36:04 IST" name="openShoppageUsingUrl" finished-at="2025-11-20T23:36:09 IST" duration-ms="5017" status="PASS">
          <reporter-output>
          </reporter-output>
        </test-method> <!-- openShoppageUsingUrl -->
        <test-method is-config="true" signature="closeApplication()[pri:0, instance:scripts.contactus_scripts.functional_scenarios.AddProductToCart@48075da3]" started-at="2025-11-20T23:36:09 IST" name="closeApplication" finished-at="2025-11-20T23:36:09 IST" duration-ms="381" status="PASS">
          <reporter-output>
          </reporter-output>
        </test-method> <!-- closeApplication -->
      </class> <!-- scripts.contactus_scripts.functional_scenarios.AddProductToCart -->
    </test> <!-- Default test -->
  </suite> <!-- Default suite -->
</testng-results>
