<?xml version="1.0" encoding="UTF-8"?>
<testng-results ignored="0" total="1" passed="1" failed="0" skipped="0">
  <reporter-output>
  </reporter-output>
  <suite started-at="2025-12-28T14:52:10 IST" name="Default suite" finished-at="2025-12-28T14:53:56 IST" duration-ms="106455">
    <groups>
    </groups>
    <test started-at="2025-12-28T14:52:10 IST" name="Default test" finished-at="2025-12-28T14:53:56 IST" duration-ms="106455">
      <class name="scripts.shoppage_scripts.functional_scenarios.AS_9194_loginFromShoppage">
        <test-method is-config="true" signature="openApplication()[pri:0, instance:scripts.shoppage_scripts.functional_scenarios.AS_9194_loginFromShoppage@48075da3]" started-at="2025-12-28T14:52:10 IST" name="openApplication" finished-at="2025-12-28T14:52:17 IST" duration-ms="7042" status="PASS">
          <reporter-output>
          </reporter-output>
        </test-method> <!-- openApplication -->
        <test-method signature="testSignInFromShopPage()[pri:1, instance:scripts.shoppage_scripts.functional_scenarios.AS_9194_loginFromShoppage@48075da3]" started-at="2025-12-28T14:52:17 IST" name="testSignInFromShopPage" finished-at="2025-12-28T14:53:56 IST" duration-ms="98832" status="PASS">
          <reporter-output>
          </reporter-output>
        </test-method> <!-- testSignInFromShopPage -->
        <test-method is-config="true" signature="closeApplication()[pri:0, instance:scripts.shoppage_scripts.functional_scenarios.AS_9194_loginFromShoppage@48075da3]" started-at="2025-12-28T14:53:56 IST" name="closeApplication" finished-at="2025-12-28T14:53:56 IST" duration-ms="447" status="PASS">
          <reporter-output>
          </reporter-output>
        </test-method> <!-- closeApplication -->
      </class> <!-- scripts.shoppage_scripts.functional_scenarios.AS_9194_loginFromShoppage -->
    </test> <!-- Default test -->
  </suite> <!-- Default suite -->
</testng-results>
