<?xml version="1.0" encoding="UTF-8"?>
<testng-results ignored="0" total="1" passed="1" failed="0" skipped="0">
  <reporter-output>
  </reporter-output>
  <suite started-at="2025-11-05T14:51:36 IST" name="Default suite" finished-at="2025-11-05T14:51:43 IST" duration-ms="6505">
    <groups>
    </groups>
    <test started-at="2025-11-05T14:51:36 IST" name="Default test" finished-at="2025-11-05T14:51:43 IST" duration-ms="6505">
      <class name="scripts.contactus_scripts.functional_scenarios.AS_4707_ToastMessageDisplayedInEmailField">
        <test-method is-config="true" signature="openApplication()[pri:0, instance:scripts.contactus_scripts.functional_scenarios.AS_4707_ToastMessageDisplayedInEmailField@8519cb4]" started-at="2025-11-05T14:51:36 IST" name="openApplication" finished-at="2025-11-05T14:51:39 IST" duration-ms="2251" status="PASS">
          <reporter-output>
          </reporter-output>
        </test-method> <!-- openApplication -->
        <test-method signature="toastMessageDisplayedInEmailField()[pri:1, instance:scripts.contactus_scripts.functional_scenarios.AS_4707_ToastMessageDisplayedInEmailField@8519cb4]" started-at="2025-11-05T14:51:39 IST" name="toastMessageDisplayedInEmailField" finished-at="2025-11-05T14:51:43 IST" duration-ms="4000" status="PASS">
          <reporter-output>
          </reporter-output>
        </test-method> <!-- toastMessageDisplayedInEmailField -->
        <test-method is-config="true" signature="closeApplication()[pri:0, instance:scripts.contactus_scripts.functional_scenarios.AS_4707_ToastMessageDisplayedInEmailField@8519cb4]" started-at="2025-11-05T14:51:43 IST" name="closeApplication" finished-at="2025-11-05T14:51:43 IST" duration-ms="197" status="PASS">
          <reporter-output>
          </reporter-output>
        </test-method> <!-- closeApplication -->
      </class> <!-- scripts.contactus_scripts.functional_scenarios.AS_4707_ToastMessageDisplayedInEmailField -->
    </test> <!-- Default test -->
  </suite> <!-- Default suite -->
</testng-results>
