<?xml version="1.0" encoding="UTF-8"?>
<testng-results ignored="0" total="1" passed="1" failed="0" skipped="0">
  <reporter-output>
  </reporter-output>
  <suite started-at="2025-11-08T15:27:11 IST" name="Default suite" finished-at="2025-11-08T15:27:33 IST" duration-ms="22017">
    <groups>
    </groups>
    <test started-at="2025-11-08T15:27:11 IST" name="Default test" finished-at="2025-11-08T15:27:33 IST" duration-ms="22017">
      <class name="scripts.contactus_scripts.system_scenarios.As_1111_LoginAddTowishistConfirmLogoutLoginAgainConfirmWishlist">
        <test-method is-config="true" signature="openApplication()[pri:0, instance:scripts.contactus_scripts.system_scenarios.As_1111_LoginAddTowishistConfirmLogoutLoginAgainConfirmWishlist@53fb3dab]" started-at="2025-11-08T15:27:11 IST" name="openApplication" finished-at="2025-11-08T15:27:14 IST" duration-ms="2440" status="PASS">
          <reporter-output>
          </reporter-output>
        </test-method> <!-- openApplication -->
        <test-method signature="loginAddProductToWishlist()[pri:0, instance:scripts.contactus_scripts.system_scenarios.As_1111_LoginAddTowishistConfirmLogoutLoginAgainConfirmWishlist@53fb3dab]" started-at="2025-11-08T15:27:14 IST" name="loginAddProductToWishlist" finished-at="2025-11-08T15:27:33 IST" duration-ms="19134" status="PASS">
          <reporter-output>
          </reporter-output>
        </test-method> <!-- loginAddProductToWishlist -->
        <test-method is-config="true" signature="closeApplication()[pri:0, instance:scripts.contactus_scripts.system_scenarios.As_1111_LoginAddTowishistConfirmLogoutLoginAgainConfirmWishlist@53fb3dab]" started-at="2025-11-08T15:27:33 IST" name="closeApplication" finished-at="2025-11-08T15:27:33 IST" duration-ms="391" status="PASS">
          <reporter-output>
          </reporter-output>
        </test-method> <!-- closeApplication -->
      </class> <!-- scripts.contactus_scripts.system_scenarios.As_1111_LoginAddTowishistConfirmLogoutLoginAgainConfirmWishlist -->
    </test> <!-- Default test -->
  </suite> <!-- Default suite -->
</testng-results>
