<?xml version="1.0" encoding="UTF-8"?>
<testng-results ignored="0" total="1" passed="1" failed="0" skipped="0">
  <reporter-output>
  </reporter-output>
  <suite started-at="2025-11-25T21:28:30 IST" name="Default suite" finished-at="2025-11-25T21:28:45 IST" duration-ms="14693">
    <groups>
    </groups>
    <test started-at="2025-11-25T21:28:30 IST" name="Default test" finished-at="2025-11-25T21:28:45 IST" duration-ms="14693">
      <class name="scripts.shoppage_scripts.functional_scenarios.ClickOnPriceOldestButtonBelowSortByHeading">
        <test-method is-config="true" signature="openApplication()[pri:0, instance:scripts.shoppage_scripts.functional_scenarios.ClickOnPriceOldestButtonBelowSortByHeading@48075da3]" started-at="2025-11-25T21:28:30 IST" name="openApplication" finished-at="2025-11-25T21:28:35 IST" duration-ms="4459" status="PASS">
          <reporter-output>
          </reporter-output>
        </test-method> <!-- openApplication -->
        <test-method signature="openShoppageUsingUrl()[pri:1, instance:scripts.shoppage_scripts.functional_scenarios.ClickOnPriceOldestButtonBelowSortByHeading@48075da3]" started-at="2025-11-25T21:28:35 IST" name="openShoppageUsingUrl" finished-at="2025-11-25T21:28:45 IST" duration-ms="9809" status="PASS">
          <reporter-output>
          </reporter-output>
        </test-method> <!-- openShoppageUsingUrl -->
        <test-method is-config="true" signature="closeApplication()[pri:0, instance:scripts.shoppage_scripts.functional_scenarios.ClickOnPriceOldestButtonBelowSortByHeading@48075da3]" started-at="2025-11-25T21:28:45 IST" name="closeApplication" finished-at="2025-11-25T21:28:45 IST" duration-ms="334" status="PASS">
          <reporter-output>
          </reporter-output>
        </test-method> <!-- closeApplication -->
      </class> <!-- scripts.shoppage_scripts.functional_scenarios.ClickOnPriceOldestButtonBelowSortByHeading -->
    </test> <!-- Default test -->
  </suite> <!-- Default suite -->
</testng-results>
