<?xml version="1.0" encoding="UTF-8"?>
<testng-results ignored="0" total="1" passed="1" failed="0" skipped="0">
  <reporter-output>
  </reporter-output>
  <suite started-at="2025-12-07T23:46:33 IST" name="Default suite" finished-at="2025-12-07T23:46:46 IST" duration-ms="12699">
    <groups>
    </groups>
    <test started-at="2025-12-07T23:46:33 IST" name="Default test" finished-at="2025-12-07T23:46:46 IST" duration-ms="12699">
      <class name="scripts.shoppage_scripts.functional_scenarios.AS_9194_clickOnBlogsFromShopPage4">
        <test-method is-config="true" signature="openApplication()[pri:0, instance:scripts.shoppage_scripts.functional_scenarios.AS_9194_clickOnBlogsFromShopPage4@48075da3]" started-at="2025-12-07T23:46:34 IST" name="openApplication" finished-at="2025-12-07T23:46:39 IST" duration-ms="5477" status="PASS">
          <reporter-output>
          </reporter-output>
        </test-method> <!-- openApplication -->
        <test-method signature="openShoppageUsingUrl()[pri:1, instance:scripts.shoppage_scripts.functional_scenarios.AS_9194_clickOnBlogsFromShopPage4@48075da3]" started-at="2025-12-07T23:46:39 IST" name="openShoppageUsingUrl" finished-at="2025-12-07T23:46:46 IST" duration-ms="6624" status="PASS">
          <reporter-output>
          </reporter-output>
        </test-method> <!-- openShoppageUsingUrl -->
        <test-method is-config="true" signature="closeApplication()[pri:0, instance:scripts.shoppage_scripts.functional_scenarios.AS_9194_clickOnBlogsFromShopPage4@48075da3]" started-at="2025-12-07T23:46:46 IST" name="closeApplication" finished-at="2025-12-07T23:46:46 IST" duration-ms="481" status="PASS">
          <reporter-output>
          </reporter-output>
        </test-method> <!-- closeApplication -->
      </class> <!-- scripts.shoppage_scripts.functional_scenarios.AS_9194_clickOnBlogsFromShopPage4 -->
    </test> <!-- Default test -->
  </suite> <!-- Default suite -->
</testng-results>
