<?xml version="1.0" encoding="UTF-8"?>
<testng-results ignored="0" total="1" passed="1" failed="0" skipped="0">
  <reporter-output>
  </reporter-output>
  <suite started-at="2025-12-25T22:31:27 IST" name="Default suite" finished-at="2025-12-25T22:31:44 IST" duration-ms="17320">
    <groups>
    </groups>
    <test started-at="2025-12-25T22:31:27 IST" name="Default test" finished-at="2025-12-25T22:31:44 IST" duration-ms="17320">
      <class name="scripts.shoppage_scripts.functional_scenarios.AS_1176_VerifyTheFooterSectionOfShoppage">
        <test-method is-config="true" signature="openApplication()[pri:0, instance:scripts.shoppage_scripts.functional_scenarios.AS_1176_VerifyTheFooterSectionOfShoppage@48075da3]" started-at="2025-12-25T22:31:27 IST" name="openApplication" finished-at="2025-12-25T22:31:40 IST" duration-ms="13143" status="PASS">
          <reporter-output>
          </reporter-output>
        </test-method> <!-- openApplication -->
        <test-method signature="openShoppageUsingUrl()[pri:1, instance:scripts.shoppage_scripts.functional_scenarios.AS_1176_VerifyTheFooterSectionOfShoppage@48075da3]" started-at="2025-12-25T22:31:40 IST" name="openShoppageUsingUrl" finished-at="2025-12-25T22:31:44 IST" duration-ms="3767" status="PASS">
          <reporter-output>
          </reporter-output>
        </test-method> <!-- openShoppageUsingUrl -->
        <test-method is-config="true" signature="closeApplication()[pri:0, instance:scripts.shoppage_scripts.functional_scenarios.AS_1176_VerifyTheFooterSectionOfShoppage@48075da3]" started-at="2025-12-25T22:31:44 IST" name="closeApplication" finished-at="2025-12-25T22:31:44 IST" duration-ms="320" status="PASS">
          <reporter-output>
          </reporter-output>
        </test-method> <!-- closeApplication -->
      </class> <!-- scripts.shoppage_scripts.functional_scenarios.AS_1176_VerifyTheFooterSectionOfShoppage -->
    </test> <!-- Default test -->
  </suite> <!-- Default suite -->
</testng-results>
