<?xml version="1.0" encoding="UTF-8"?>
<testng-results ignored="0" total="1" passed="1" failed="0" skipped="0">
  <reporter-output>
  </reporter-output>
  <suite started-at="2025-11-07T18:09:21 IST" name="Default suite" finished-at="2025-11-07T18:09:42 IST" duration-ms="20745">
    <groups>
    </groups>
    <test started-at="2025-11-07T18:09:21 IST" name="Default test" finished-at="2025-11-07T18:09:42 IST" duration-ms="20745">
      <class name="scripts.shoppage_scripts.integration_scenarios.AS_5246_Add_product_to_cart_fromShop_page">
        <test-method is-config="true" signature="openApplication()[pri:0, instance:scripts.shoppage_scripts.integration_scenarios.AS_5246_Add_product_to_cart_fromShop_page@62ddbd7e]" started-at="2025-11-07T18:09:21 IST" name="openApplication" finished-at="2025-11-07T18:09:26 IST" duration-ms="5365" status="PASS">
          <reporter-output>
          </reporter-output>
        </test-method> <!-- openApplication -->
        <test-method signature="openShoppageUsingUrl()[pri:1, instance:scripts.shoppage_scripts.integration_scenarios.AS_5246_Add_product_to_cart_fromShop_page@62ddbd7e]" started-at="2025-11-07T18:09:26 IST" name="openShoppageUsingUrl" finished-at="2025-11-07T18:09:41 IST" duration-ms="14894" status="PASS">
          <reporter-output>
          </reporter-output>
        </test-method> <!-- openShoppageUsingUrl -->
        <test-method is-config="true" signature="closeApplication()[pri:0, instance:scripts.shoppage_scripts.integration_scenarios.AS_5246_Add_product_to_cart_fromShop_page@62ddbd7e]" started-at="2025-11-07T18:09:41 IST" name="closeApplication" finished-at="2025-11-07T18:09:42 IST" duration-ms="394" status="PASS">
          <reporter-output>
          </reporter-output>
        </test-method> <!-- closeApplication -->
      </class> <!-- scripts.shoppage_scripts.integration_scenarios.AS_5246_Add_product_to_cart_fromShop_page -->
    </test> <!-- Default test -->
  </suite> <!-- Default suite -->
</testng-results>
