<?xml version="1.0" encoding="UTF-8"?>
<testng-results ignored="0" total="1" passed="1" failed="0" skipped="0">
  <reporter-output>
  </reporter-output>
  <suite started-at="2025-11-25T17:18:57 IST" name="Default suite" finished-at="2025-11-25T17:19:09 IST" duration-ms="12292">
    <groups>
    </groups>
    <test started-at="2025-11-25T17:18:57 IST" name="Default test" finished-at="2025-11-25T17:19:09 IST" duration-ms="12292">
      <class name="scripts.shoppage_scripts.functional_scenarios.AS_7970_clickOnDropDownOfAllBrands_BelowToBrandsHeading">
        <test-method is-config="true" signature="openApplication()[pri:0, instance:scripts.shoppage_scripts.functional_scenarios.AS_7970_clickOnDropDownOfAllBrands_BelowToBrandsHeading@48075da3]" started-at="2025-11-25T17:18:57 IST" name="openApplication" finished-at="2025-11-25T17:19:01 IST" duration-ms="4562" status="PASS">
          <reporter-output>
          </reporter-output>
        </test-method> <!-- openApplication -->
        <test-method signature="testClickOnDropDownOfAllBrandsSubHeadingBelowToBrandsHeading()[pri:1, instance:scripts.shoppage_scripts.functional_scenarios.AS_7970_clickOnDropDownOfAllBrands_BelowToBrandsHeading@48075da3]" started-at="2025-11-25T17:19:01 IST" name="testClickOnDropDownOfAllBrandsSubHeadingBelowToBrandsHeading" finished-at="2025-11-25T17:19:09 IST" duration-ms="7247" status="PASS">
          <reporter-output>
          </reporter-output>
        </test-method> <!-- testClickOnDropDownOfAllBrandsSubHeadingBelowToBrandsHeading -->
        <test-method is-config="true" signature="closeApplication()[pri:0, instance:scripts.shoppage_scripts.functional_scenarios.AS_7970_clickOnDropDownOfAllBrands_BelowToBrandsHeading@48075da3]" started-at="2025-11-25T17:19:09 IST" name="closeApplication" finished-at="2025-11-25T17:19:09 IST" duration-ms="377" status="PASS">
          <reporter-output>
          </reporter-output>
        </test-method> <!-- closeApplication -->
      </class> <!-- scripts.shoppage_scripts.functional_scenarios.AS_7970_clickOnDropDownOfAllBrands_BelowToBrandsHeading -->
    </test> <!-- Default test -->
  </suite> <!-- Default suite -->
</testng-results>
