<?xml version="1.0" encoding="UTF-8"?>
<testng-results ignored="0" total="1" passed="1" failed="0" skipped="0">
  <reporter-output>
  </reporter-output>
  <suite started-at="2025-11-05T13:22:49 IST" name="Default suite" finished-at="2025-11-05T13:22:54 IST" duration-ms="5518">
    <groups>
    </groups>
    <test started-at="2025-11-05T13:22:49 IST" name="Default test" finished-at="2025-11-05T13:22:54 IST" duration-ms="5518">
      <class name="scripts.contactus_scripts.functional_scenarios.ET_2219_Reload_ContactUspage_click_Contact_Us_link">
        <test-method is-config="true" signature="openApplication()[pri:0, instance:scripts.contactus_scripts.functional_scenarios.ET_2219_Reload_ContactUspage_click_Contact_Us_link@8519cb4]" started-at="2025-11-05T13:22:49 IST" name="openApplication" finished-at="2025-11-05T13:22:51 IST" duration-ms="2697" status="PASS">
          <reporter-output>
          </reporter-output>
        </test-method> <!-- openApplication -->
        <test-method signature="reloadContactpageClickContactLink()[pri:1, instance:scripts.contactus_scripts.functional_scenarios.ET_2219_Reload_ContactUspage_click_Contact_Us_link@8519cb4]" started-at="2025-11-05T13:22:51 IST" name="reloadContactpageClickContactLink" finished-at="2025-11-05T13:22:54 IST" duration-ms="2574" status="PASS">
          <reporter-output>
          </reporter-output>
        </test-method> <!-- reloadContactpageClickContactLink -->
        <test-method is-config="true" signature="closeApplication()[pri:0, instance:scripts.contactus_scripts.functional_scenarios.ET_2219_Reload_ContactUspage_click_Contact_Us_link@8519cb4]" started-at="2025-11-05T13:22:54 IST" name="closeApplication" finished-at="2025-11-05T13:22:54 IST" duration-ms="185" status="PASS">
          <reporter-output>
          </reporter-output>
        </test-method> <!-- closeApplication -->
      </class> <!-- scripts.contactus_scripts.functional_scenarios.ET_2219_Reload_ContactUspage_click_Contact_Us_link -->
    </test> <!-- Default test -->
  </suite> <!-- Default suite -->
</testng-results>
