<?xml version="1.0" encoding="UTF-8"?>
<testng-results ignored="0" total="1" passed="1" failed="0" skipped="0">
  <reporter-output>
  </reporter-output>
  <suite started-at="2025-11-05T12:49:57 IST" name="Default suite" finished-at="2025-11-05T12:50:05 IST" duration-ms="7655">
    <groups>
    </groups>
    <test started-at="2025-11-05T12:49:57 IST" name="Default test" finished-at="2025-11-05T12:50:05 IST" duration-ms="7655">
      <class name="scripts.shoppage_scripts.functional_scenarios.AS_9194_OpenShop_page_using_url">
        <test-method is-config="true" signature="openApplication()[pri:0, instance:scripts.shoppage_scripts.functional_scenarios.AS_9194_OpenShop_page_using_url@1fa121e2]" started-at="2025-11-05T12:49:58 IST" name="openApplication" finished-at="2025-11-05T12:50:02 IST" duration-ms="4895" status="PASS">
          <reporter-output>
          </reporter-output>
        </test-method> <!-- openApplication -->
        <test-method signature="openShoppageUsingUrl()[pri:1, instance:scripts.shoppage_scripts.functional_scenarios.AS_9194_OpenShop_page_using_url@1fa121e2]" started-at="2025-11-05T12:50:02 IST" name="openShoppageUsingUrl" finished-at="2025-11-05T12:50:05 IST" duration-ms="2200" status="PASS">
          <reporter-output>
          </reporter-output>
        </test-method> <!-- openShoppageUsingUrl -->
        <test-method is-config="true" signature="closeApplication()[pri:0, instance:scripts.shoppage_scripts.functional_scenarios.AS_9194_OpenShop_page_using_url@1fa121e2]" started-at="2025-11-05T12:50:05 IST" name="closeApplication" finished-at="2025-11-05T12:50:05 IST" duration-ms="469" status="PASS">
          <reporter-output>
          </reporter-output>
        </test-method> <!-- closeApplication -->
      </class> <!-- scripts.shoppage_scripts.functional_scenarios.AS_9194_OpenShop_page_using_url -->
    </test> <!-- Default test -->
  </suite> <!-- Default suite -->
</testng-results>
