<?xml version="1.0" encoding="UTF-8"?>
<testng-results ignored="0" total="1" passed="1" failed="0" skipped="0">
  <reporter-output>
  </reporter-output>
  <suite started-at="2025-12-23T22:36:25 IST" name="Default suite" finished-at="2025-12-23T22:36:46 IST" duration-ms="21040">
    <groups>
    </groups>
    <test started-at="2025-12-23T22:36:25 IST" name="Default test" finished-at="2025-12-23T22:36:46 IST" duration-ms="21040">
      <class name="scripts.shoppage_scripts.functional_scenarios.AS_8192_AdjustThePriceRangeSlidersFromBothSidesAndClickOnClearFilterButton">
        <test-method is-config="true" signature="openApplication()[pri:0, instance:scripts.shoppage_scripts.functional_scenarios.AS_8192_AdjustThePriceRangeSlidersFromBothSidesAndClickOnClearFilterButton@48075da3]" started-at="2025-12-23T22:36:25 IST" name="openApplication" finished-at="2025-12-23T22:36:30 IST" duration-ms="4801" status="PASS">
          <reporter-output>
          </reporter-output>
        </test-method> <!-- openApplication -->
        <test-method signature="testAdjustThePriceRangeSlidersFromBothSides()[pri:1, instance:scripts.shoppage_scripts.functional_scenarios.AS_8192_AdjustThePriceRangeSlidersFromBothSidesAndClickOnClearFilterButton@48075da3]" started-at="2025-12-23T22:36:30 IST" name="testAdjustThePriceRangeSlidersFromBothSides" finished-at="2025-12-23T22:36:46 IST" duration-ms="15700" status="PASS">
          <reporter-output>
          </reporter-output>
        </test-method> <!-- testAdjustThePriceRangeSlidersFromBothSides -->
        <test-method is-config="true" signature="closeApplication()[pri:0, instance:scripts.shoppage_scripts.functional_scenarios.AS_8192_AdjustThePriceRangeSlidersFromBothSidesAndClickOnClearFilterButton@48075da3]" started-at="2025-12-23T22:36:46 IST" name="closeApplication" finished-at="2025-12-23T22:36:46 IST" duration-ms="436" status="PASS">
          <reporter-output>
          </reporter-output>
        </test-method> <!-- closeApplication -->
      </class> <!-- scripts.shoppage_scripts.functional_scenarios.AS_8192_AdjustThePriceRangeSlidersFromBothSidesAndClickOnClearFilterButton -->
    </test> <!-- Default test -->
  </suite> <!-- Default suite -->
</testng-results>
