<?xml version="1.0" encoding="UTF-8"?>
<testng-results ignored="0" total="1" passed="1" failed="0" skipped="0">
  <reporter-output>
  </reporter-output>
  <suite started-at="2025-11-07T16:39:37 IST" name="Default suite" finished-at="2025-11-07T16:39:42 IST" duration-ms="5066">
    <groups>
    </groups>
    <test started-at="2025-11-07T16:39:37 IST" name="Default test" finished-at="2025-11-07T16:39:42 IST" duration-ms="5066">
      <class name="scripts.contactus_scripts.functional_scenarios.AddProductToCart">
        <test-method is-config="true" signature="openApplication()[pri:0, instance:scripts.contactus_scripts.functional_scenarios.AddProductToCart@196a42c3]" started-at="2025-11-07T16:39:37 IST" name="openApplication" finished-at="2025-11-07T16:39:40 IST" duration-ms="2556" status="PASS">
          <reporter-output>
          </reporter-output>
        </test-method> <!-- openApplication -->
        <test-method signature="openShoppageUsingUrl()[pri:1, instance:scripts.contactus_scripts.functional_scenarios.AddProductToCart@196a42c3]" started-at="2025-11-07T16:39:40 IST" name="openShoppageUsingUrl" finished-at="2025-11-07T16:39:42 IST" duration-ms="2254" status="PASS">
          <reporter-output>
          </reporter-output>
        </test-method> <!-- openShoppageUsingUrl -->
        <test-method is-config="true" signature="closeApplication()[pri:0, instance:scripts.contactus_scripts.functional_scenarios.AddProductToCart@196a42c3]" started-at="2025-11-07T16:39:42 IST" name="closeApplication" finished-at="2025-11-07T16:39:42 IST" duration-ms="215" status="PASS">
          <reporter-output>
          </reporter-output>
        </test-method> <!-- closeApplication -->
      </class> <!-- scripts.contactus_scripts.functional_scenarios.AddProductToCart -->
    </test> <!-- Default test -->
  </suite> <!-- Default suite -->
</testng-results>
